n=3       Ve           Va           Eabs         Erel         
pi          3.14159265   2.89523810   0.24635456   0.07841709 
e           2.71828183   2.66666667   0.05161516   0.01898816 
pi/e        1.15572735   1.08571429   0.07001306   0.06057922 
sen(pi/e)   0.91508851   0.88463098   0.03045752   0.03328369 
cos(pi/e)   0.40325305   0.46623367  -0.06298062  -0.15618139 
tg(pi/e)    2.26926617   1.89739831   0.37186786   0.16387142 

n=10      Ve           Va           Eabs         Erel         
pi          3.14159265   3.23231581  -0.09072316  -0.02887808 
e           2.71828183   2.71828180   0.00000003   0.00000001 
pi/e        1.15572735   1.18910255  -0.03337520  -0.02887809 
sen(pi/e)   0.91508851   0.92803505  -0.01294654  -0.01414785 
cos(pi/e)   0.40325305   0.37249289   0.03076016   0.07628004 
tg(pi/e)    2.26926617   2.49141680  -0.22215063  -0.09789536 

n=30      Ve           Va           Eabs         Erel         
pi          3.14159265   3.17384234  -0.03224968  -0.01026539 
e           2.71828183   2.71828183  -0.00000000  -0.00000000 
pi/e        1.15572735   1.16759135  -0.01186400  -0.01026539 
sen(pi/e)   0.91508851   0.91980819  -0.00471968  -0.00515762 
cos(pi/e)   0.40325305   0.39236832   0.01088473   0.02699231 
tg(pi/e)    2.26926617   2.34424682  -0.07498065  -0.03304180 

n=84      Ve           Va           Eabs         Erel         
pi          3.14159265   3.15335695  -0.01176430  -0.00374469 
e           2.71828183   2.71828183  -0.00000000  -0.00000000 
pi/e        1.15572735   1.16005519  -0.00432784  -0.00374469 
sen(pi/e)   0.91508851   0.91682515  -0.00173664  -0.00189778 
cos(pi/e)   0.40325305   0.39928893   0.00396412   0.00983036 
tg(pi/e)    2.26926617   2.29614469  -0.02687852  -0.01184458 

