[Bisseção]
Equação: cos(x) = x
┌────┬──────────────┬──────────────┬──────────────┬───────────────┐
│  k │           xi │           xf │           xm │         f(xm) │
├────┼──────────────┼──────────────┼──────────────┼───────────────┤
│  0 │ 0.6000000000 │ 0.8000000000 │ 0.7000000000 │  0.0648421873 │
│  1 │ 0.7000000000 │ 0.8000000000 │ 0.7500000000 │ -0.0183111311 │
│  2 │ 0.7000000000 │ 0.7500000000 │ 0.7250000000 │  0.0234994220 │
│  3 │ 0.7250000000 │ 0.7500000000 │ 0.7375000000 │  0.0026519690 │
│  4 │ 0.7375000000 │ 0.7500000000 │ 0.7437500000 │ -0.0078152074 │
│  5 │ 0.7375000000 │ 0.7437500000 │ 0.7406250000 │ -0.0025780154 │
│  6 │ 0.7375000000 │ 0.7406250000 │ 0.7390625000 │  0.0000378790 │
│  7 │ 0.7390625000 │ 0.7406250000 │ 0.7398437500 │ -0.0012698428 │
│  8 │ 0.7390625000 │ 0.7398437500 │ 0.7394531250 │ -0.0006159255 │
│  9 │ 0.7390625000 │ 0.7394531250 │ 0.7392578125 │ -0.0002890091 │
│ 10 │ 0.7390625000 │ 0.7392578125 │ 0.7391601563 │ -0.0001255615 │
│ 11 │ 0.7390625000 │ 0.7391601563 │ 0.7391113281 │ -0.0000438404 │
│ 12 │ 0.7390625000 │ 0.7391113281 │ 0.7390869141 │ -0.0000029804 │
│ 13 │ 0.7390625000 │ 0.7390869141 │ 0.7390747070 │  0.0000174493 │
│ 14 │ 0.7390747070 │ 0.7390869141 │ 0.7390808105 │  0.0000072345 │
│ 15 │ 0.7390808105 │ 0.7390869141 │ 0.7390838623 │  0.0000021270 │
│ 16 │ 0.7390838623 │ 0.7390869141 │ 0.7390853882 │ -0.0000004267 │
│ 17 │ 0.7390838623 │ 0.7390853882 │ 0.7390846252 │  0.0000008501 │
│ 18 │ 0.7390846252 │ 0.7390853882 │ 0.7390850067 │  0.0000002117 │
│ 19 │ 0.7390850067 │ 0.7390853882 │ 0.7390851974 │ -0.0000001075 │
│ 20 │ 0.7390850067 │ 0.7390851974 │ 0.7390851021 │  0.0000000521 │
│ 21 │ 0.7390851021 │ 0.7390851974 │ 0.7390851498 │ -0.0000000277 │
│ 22 │ 0.7390851021 │ 0.7390851498 │ 0.7390851259 │  0.0000000122 │
│ 23 │ 0.7390851259 │ 0.7390851498 │ 0.7390851378 │ -0.0000000077 │
│ 24 │ 0.7390851259 │ 0.7390851378 │ 0.7390851319 │  0.0000000022 │
│ 25 │ 0.7390851319 │ 0.7390851378 │ 0.7390851349 │ -0.0000000028 │
│ 26 │ 0.7390851319 │ 0.7390851349 │ 0.7390851334 │ -0.0000000003 │
│ 27 │ 0.7390851319 │ 0.7390851334 │ 0.7390851326 │  0.0000000010 │
│ 28 │ 0.7390851326 │ 0.7390851334 │ 0.7390851330 │  0.0000000004 │
│ 29 │ 0.7390851330 │ 0.7390851334 │ 0.7390851332 │  0.0000000000 │
│ 30 │ 0.7390851332 │ 0.7390851334 │ 0.7390851333 │ -0.0000000001 │
│ 31 │ 0.7390851332 │ 0.7390851333 │ 0.7390851332 │ -0.0000000000 │
└────┴──────────────┴──────────────┴──────────────┴───────────────┘
Raiz: 0.7390851332

[Falsa Posição]
Equação: cos(x) = x
┌───┬──────────────┬──────────────┬──────────────┬──────────────┐
│ k │           xi │           xf │           xm │        f(xm) │
├───┼──────────────┼──────────────┼──────────────┼──────────────┤
│ 0 │ 0.6000000000 │ 0.8000000000 │ 0.7371368197 │ 0.0032593173 │
│ 1 │ 0.7371368197 │ 0.8000000000 │ 0.7390597295 │ 0.0000425157 │
│ 2 │ 0.7390597295 │ 0.8000000000 │ 0.7390848023 │ 0.0000005538 │
│ 3 │ 0.7390848023 │ 0.8000000000 │ 0.7390851289 │ 0.0000000072 │
│ 4 │ 0.7390851289 │ 0.8000000000 │ 0.7390851332 │ 0.0000000001 │
│ 5 │ 0.7390851332 │ 0.8000000000 │ 0.7390851332 │ 0.0000000000 │
└───┴──────────────┴──────────────┴──────────────┴──────────────┘
Raiz: 0.7390851332

[Iteração Linear]
Equação: cos(x) = x
┌────┬──────────────┬──────────────┬──────────────┐
│  k │           x0 │           x1 │        g(x1) │
├────┼──────────────┼──────────────┼──────────────┤
│  0 │ 0.6000000000 │ 0.8253356149 │ 0.6783104022 │
│  1 │ 0.8253356149 │ 0.6783104022 │ 0.7786340157 │
│  2 │ 0.6783104022 │ 0.7786340157 │ 0.7118735431 │
│  3 │ 0.7786340157 │ 0.7118735431 │ 0.7571393070 │
│  4 │ 0.7118735431 │ 0.7571393070 │ 0.7268038349 │
│  5 │ 0.7571393070 │ 0.7268038349 │ 0.7473020180 │
│  6 │ 0.7268038349 │ 0.7473020180 │ 0.7335252527 │
│  7 │ 0.7473020180 │ 0.7335252527 │ 0.7428188929 │
│  8 │ 0.7335252527 │ 0.7428188929 │ 0.7365648818 │
│  9 │ 0.7428188929 │ 0.7365648818 │ 0.7407804559 │
│ 10 │ 0.7365648818 │ 0.7407804559 │ 0.7379420819 │
│ 11 │ 0.7407804559 │ 0.7379420819 │ 0.7398546233 │
│ 12 │ 0.7379420819 │ 0.7398546233 │ 0.7385665767 │
│ 13 │ 0.7398546233 │ 0.7385665767 │ 0.7394343398 │
│ 14 │ 0.7385665767 │ 0.7394343398 │ 0.7388498584 │
│ 15 │ 0.7394343398 │ 0.7388498584 │ 0.7392435967 │
│ 16 │ 0.7388498584 │ 0.7392435967 │ 0.7389783810 │
│ 17 │ 0.7392435967 │ 0.7389783810 │ 0.7391570386 │
│ 18 │ 0.7389783810 │ 0.7391570386 │ 0.7390366950 │
│ 19 │ 0.7391570386 │ 0.7390366950 │ 0.7391177609 │
│ 20 │ 0.7390366950 │ 0.7391177609 │ 0.7390631544 │
│ 21 │ 0.7391177609 │ 0.7390631544 │ 0.7390999382 │
│ 22 │ 0.7390631544 │ 0.7390999382 │ 0.7390751603 │
│ 23 │ 0.7390999382 │ 0.7390751603 │ 0.7390918511 │
│ 24 │ 0.7390751603 │ 0.7390918511 │ 0.7390806080 │
│ 25 │ 0.7390918511 │ 0.7390806080 │ 0.7390881815 │
│ 26 │ 0.7390806080 │ 0.7390881815 │ 0.7390830799 │
│ 27 │ 0.7390881815 │ 0.7390830799 │ 0.7390865164 │
│ 28 │ 0.7390830799 │ 0.7390865164 │ 0.7390842015 │
│ 29 │ 0.7390865164 │ 0.7390842015 │ 0.7390857608 │
│ 30 │ 0.7390842015 │ 0.7390857608 │ 0.7390847104 │
│ 31 │ 0.7390857608 │ 0.7390847104 │ 0.7390854180 │
│ 32 │ 0.7390847104 │ 0.7390854180 │ 0.7390849414 │
│ 33 │ 0.7390854180 │ 0.7390849414 │ 0.7390852624 │
│ 34 │ 0.7390849414 │ 0.7390852624 │ 0.7390850462 │
│ 35 │ 0.7390852624 │ 0.7390850462 │ 0.7390851918 │
│ 36 │ 0.7390850462 │ 0.7390851918 │ 0.7390850937 │
│ 37 │ 0.7390851918 │ 0.7390850937 │ 0.7390851598 │
│ 38 │ 0.7390850937 │ 0.7390851598 │ 0.7390851153 │
│ 39 │ 0.7390851598 │ 0.7390851153 │ 0.7390851453 │
│ 40 │ 0.7390851153 │ 0.7390851453 │ 0.7390851251 │
│ 41 │ 0.7390851453 │ 0.7390851251 │ 0.7390851387 │
│ 42 │ 0.7390851251 │ 0.7390851387 │ 0.7390851295 │
│ 43 │ 0.7390851387 │ 0.7390851295 │ 0.7390851357 │
│ 44 │ 0.7390851295 │ 0.7390851357 │ 0.7390851315 │
│ 45 │ 0.7390851357 │ 0.7390851315 │ 0.7390851343 │
│ 46 │ 0.7390851315 │ 0.7390851343 │ 0.7390851325 │
│ 47 │ 0.7390851343 │ 0.7390851325 │ 0.7390851337 │
│ 48 │ 0.7390851325 │ 0.7390851337 │ 0.7390851329 │
│ 49 │ 0.7390851337 │ 0.7390851329 │ 0.7390851334 │
│ 50 │ 0.7390851329 │ 0.7390851334 │ 0.7390851331 │
│ 51 │ 0.7390851334 │ 0.7390851331 │ 0.7390851333 │
│ 52 │ 0.7390851331 │ 0.7390851333 │ 0.7390851331 │
│ 53 │ 0.7390851333 │ 0.7390851331 │ 0.7390851333 │
│ 54 │ 0.7390851331 │ 0.7390851333 │ 0.7390851332 │
│ 55 │ 0.7390851333 │ 0.7390851332 │ 0.7390851332 │
└────┴──────────────┴──────────────┴──────────────┘
Raiz: 0.7390851332

Equação: exp(x) = 3 * x
┌────┬──────────────┬──────────────┬──────────────┐
│  k │           x0 │           x1 │        g(x1) │
├────┼──────────────┼──────────────┼──────────────┤
│  0 │ 0.6000000000 │ 0.6221188004 │ 0.6186333141 │
│  1 │ 0.6221188004 │ 0.6186333141 │ 0.6191225782 │
│  2 │ 0.6186333141 │ 0.6191225782 │ 0.6190525368 │
│  3 │ 0.6191225782 │ 0.6190525368 │ 0.6190625364 │
│  4 │ 0.6190525368 │ 0.6190625364 │ 0.6190611083 │
│  5 │ 0.6190625364 │ 0.6190611083 │ 0.6190613122 │
│  6 │ 0.6190611083 │ 0.6190613122 │ 0.6190612831 │
│  7 │ 0.6190613122 │ 0.6190612831 │ 0.6190612873 │
│  8 │ 0.6190612831 │ 0.6190612873 │ 0.6190612867 │
│  9 │ 0.6190612873 │ 0.6190612867 │ 0.6190612867 │
│ 10 │ 0.6190612867 │ 0.6190612867 │ 0.6190612867 │
└────┴──────────────┴──────────────┴──────────────┘
Raiz: 0.6190612867

[Newton-Raphson]
Equação: cos(x) = x
┌───┬──────────────┬───────────────┬───────────────┬──────────────┐
│ k │           x0 │         f(x0) │        f'(x0) │            x │
├───┼──────────────┼───────────────┼───────────────┼──────────────┤
│ 0 │ 2.0000000000 │ -2.4161468365 │ -1.9092971648 │ 0.7345359952 │
│ 1 │ 0.7345359952 │  0.0076058340 │ -1.6702428329 │ 0.7390897247 │
│ 2 │ 0.7390897247 │ -0.0000076843 │ -1.6736156905 │ 0.7390851332 │
│ 3 │ 0.7390851332 │ -0.0000000000 │ -1.6736118047 │ 0.7390851332 │
└───┴──────────────┴───────────────┴───────────────┴──────────────┘
Raiz: 0.7390851332

Equação: exp(x) = 3 * x
┌───┬──────────────┬───────────────┬───────────────┬──────────────┐
│ k │           x0 │         f(x0) │        f'(x0) │            x │
├───┼──────────────┼───────────────┼───────────────┼──────────────┤
│ 0 │ 1.0000000000 │ -0.2817181715 │ -0.2817190925 │ 0.0000032691 │
│ 1 │ 0.0000032691 │  0.9999934619 │ -1.9999968348 │ 0.5000007913 │
│ 2 │ 0.5000007913 │  0.1487202014 │ -1.3512779784 │ 0.6100597161 │
│ 3 │ 0.6100597161 │  0.0103621571 │ -1.1594580851 │ 0.6189967853 │
│ 4 │ 0.6189967853 │  0.0000737171 │ -1.1429357460 │ 0.6190612834 │
│ 5 │ 0.6190612834 │  0.0000000039 │ -1.1428158420 │ 0.6190612867 │
│ 6 │ 0.6190612867 │ -0.0000000000 │ -1.1428158420 │ 0.6190612867 │
└───┴──────────────┴───────────────┴───────────────┴──────────────┘
Raiz: 0.6190612867
┌───┬──────────────┬──────────────┬──────────────┬──────────────┐
│ k │           x0 │        f(x0) │       f'(x0) │            x │
├───┼──────────────┼──────────────┼──────────────┼──────────────┤
│ 0 │ 2.0000000000 │ 1.3890560989 │ 4.3890580059 │ 1.6835184003 │
│ 1 │ 1.6835184003 │ 0.3339121934 │ 2.3844659580 │ 1.5434819312 │
│ 2 │ 1.5434819312 │ 0.0504145690 │ 1.6808598957 │ 1.5134886110 │
│ 3 │ 1.5134886110 │ 0.0020845423 │ 1.5425483113 │ 1.5121372483 │
│ 4 │ 1.5121372483 │ 0.0000041431 │ 1.5364154393 │ 1.5121345517 │
│ 5 │ 1.5121345517 │ 0.0000000000 │ 1.5364065575 │ 1.5121345517 │
└───┴──────────────┴──────────────┴──────────────┴──────────────┘
Raiz: 1.5121345517

[Secantes]
Equação: cos(x) = x
┌───┬──────────────┬──────────────┬───────────────┬──────────────┐
│ k │           x0 │           x1 │             p │            x │
├───┼──────────────┼──────────────┼───────────────┼──────────────┤
│ 0 │ 0.0000000000 │ 1.0000000000 │ -0.4596976941 │ 0.6850733573 │
│ 1 │ 1.0000000000 │ 0.6850733573 │ -0.1942565247 │ 0.7362989976 │
│ 2 │ 0.6850733573 │ 0.7362989976 │  0.0521845106 │ 0.7391193619 │
│ 3 │ 0.7362989976 │ 0.7391193619 │ -0.0122930282 │ 0.7390851121 │
│ 4 │ 0.7391193619 │ 0.7390851121 │ -0.0006160777 │ 0.7390851332 │
│ 5 │ 0.7390851121 │ 0.7390851332 │  0.0000075593 │ 0.7390851332 │
└───┴──────────────┴──────────────┴───────────────┴──────────────┘
Raiz: 0.7390851332

