Entre com o NMI (Número Máximo de Iterações): 20
Entre com a tolerância (exemplo: 0.001 ou 1.0e-3 ou 1e-3): 0.000001
Entre com a equação (exemplo: cos(x) = x, ou sen(x) - x = 0): exp(x) - 4*x + sen(x) = 0
1. Bisseção
2. Falsa Posição
3. Newton-Raphson
4. Iteração Linear
5. Secantes
Escolha um método: 3
Entre com os parametros para o método (exemplo: [0.6, 0.8] ou 1.0): 1.0

Resolvendo a equação 'exp(x) - 4*x + sen(x) = 0' pelo método 'Newton-Raphson' com parâmetros [1.0] ...
┌───┬──────────┬───────────┬───────────┬──────────┐
│ k │       x0 │     f(x0) │    f'(x0) │        x │
├───┼──────────┼───────────┼───────────┼──────────┤
│ 0 │ 1.000000 │ -0.440247 │ -0.741416 │ 0.406207 │
│ 1 │ 0.406207 │  0.271412 │ -1.580260 │ 0.577959 │
│ 2 │ 0.577959 │  0.016876 │ -1.380024 │ 0.590188 │
│ 3 │ 0.590188 │  0.000093 │ -1.364836 │ 0.590256 │
│ 4 │ 0.590256 │  0.000000 │ -1.364751 │ 0.590256 │
└───┴──────────┴───────────┴───────────┴──────────┘
Raiz: 0.590256

Fim do programa.
