1) Metodo de Newton para Sistema Nao Linear
Sistema:
7 * x1^2 * x3 + 2 * x1 = 78.625
14 * x1 - x2 * x3 + 3 * x1^2 = 233.76
7 * x1 * x2 + 5 * x1^4 = 2403.6155
Usando tolerancia de 0.001
78.625 233.76 2403.6155
a) Resolvendo usando Gauss Jordan em cada passo:
[3.011, 94.518, -1.739]
b) Resolvendo usando Decomposicao LU em cada passo:
[3.011, 94.518, -1.739]

2) Sistema de Equacoes Complexas
Sistema:
(4-3i)z1 + (7+0i)z2 + (8-2i)z3 = 12+3i
(0+4i)z1 + (2-1i)z2 + (3+0i)z3 =  7-1i
(5+2i)z1 + (3-1i)z2 + (0+6i)z3 =  5-1i
a) Resolvendo Sistema por Gauss Jordan:
[(-0.214,-0.525), (1.672,0.611), (0.315,0.102)]
b) Resolvendo Sistema por Decomposicao LU:
[(-0.214,-0.525), (1.672,0.611), (0.315,0.102)]

3) Autovetores e Autovalores usando Leverrier Faddev
Matriz:
5 -4 -2
2 -5  2
2  5  5
a) Autovalores
[(-5.499,0.000), (5.249,2.679), (5.249,-2.679)]
b) Autovetores
(0.161,0.030) (0.304,0.433) (1.000,-0.000) 
(1.000,-0.000) (0.183,-0.079) (0.206,0.315) 
(0.038,0.316) (-0.498,-0.180) (1.000,-0.000) 

