n=3                   Ve            Va          Eabs          Erel
pi            3.14159265    3.46666667   -0.32507401   -0.10347427
e             2.71828183    2.50000000    0.21828183    0.08030140
pi/e          1.15572735    1.38666667   -0.23093932   -0.19982162
sen(pi/e)     0.91508851    0.98500066   -0.06991215   -0.07639934
cos(pi/e)     0.40325305    0.19263323    0.21061983    0.52230188
tg(pi/e)      2.26926617    5.11334769   -2.84408152   -1.25330451

n=10                  Ve            Va          Eabs          Erel
pi            3.14159265    3.04183962    0.09975303    0.03175238
e             2.71828183    2.71828153    0.00000030    0.00000011
pi/e          1.15572735    1.11903038    0.03669697    0.03175227
sen(pi/e)     0.91508851    0.89967757    0.01541093    0.01684092
cos(pi/e)     0.40325305    0.43655499   -0.03330194   -0.08258324
tg(pi/e)      2.26926617    2.06085737    0.20840880    0.09183973

n=30                  Ve            Va          Eabs          Erel
pi            3.14159265    3.10826857    0.03332409    0.01060739
e             2.71828183    2.71828183   -0.00000000   -0.00000000
pi/e          1.15572735    1.14346810    0.01225925    0.01060739
sen(pi/e)     0.91508851    0.91007629    0.00501222    0.00547730
cos(pi/e)     0.40325305    0.41444076   -0.01118771   -0.02774365
tg(pi/e)      2.26926617    2.19591403    0.07335214    0.03232417

n=85                  Ve            Va          Eabs          Erel
pi            3.14159265    3.15335695   -0.01176430   -0.00374469
e             2.71828183    2.71828183   -0.00000000   -0.00000000
pi/e          1.15572735    1.16005519   -0.00432784   -0.00374469
sen(pi/e)     0.91508851    0.91682515   -0.00173664   -0.00189778
cos(pi/e)     0.40325305    0.39928893    0.00396412    0.00983036
tg(pi/e)      2.26926617    2.29614469   -0.02687852   -0.01184458

